<?xml version="1.0" encoding="UTF-8"?>
<!-- Generated by org.testng.reporters.JUnitXMLReporter -->
<testsuite ignored="0" hostname="DESKTOP-0CPI2F2" failures="1" tests="7" name="ApiDemo app test" time="170.497" errors="0" timestamp="2022-07-07T21:32:26 YEKT">
  <testcase classname="apiDemoApp.ApiDemo_tc_1" name="dependenciesPageValidation" time="26.754"/>
  <testcase classname="apiDemoApp.ApiDemo_tc_1" name="dependenciesPageValidation" time="21.644"/>
  <testcase classname="apiDemoApp.ApiDemo_tc_2" name="dependenciesPageInputValidation" time="21.596"/>
  <testcase classname="apiDemoApp.ApiDemo_tc_3" name="dragAndDropPageValidation" time="27.399"/>
  <testcase classname="apiDemoApp.ApiDemo_tc_4" name="expandableListsPageValidation" time="24.269"/>
  <testcase classname="apiDemoApp.ApiDemo_tc_5" name="landingPageScrollValidation" time="18.849">
    <failure type="org.openqa.selenium.InvalidSelectorException" message="Could not parse selector expression `new UiScrollable(new UiSelector()).scrollIntoView(text(&amp;apos;WebView&amp;apos;))`: `UiScrollable` doesn&amp;apos;t have suitable method `scrollIntoView` with arguments [text(&amp;apos;WebView&amp;apos;)]: Could not parse selector expression `new UiSelector().text(&amp;apos;WebView&amp;apos;)`: `UiSelector` doesn&amp;apos;t have suitable method `text` with arguments [&amp;apos;WebView&amp;apos;]: Could not parse selector expression `new UiSelector().text(&amp;apos;WebView&amp;apos;)`: &amp;apos;WebView&amp;apos; is not a string
For documentation on this error, please visit: https://www.seleniumhq.org/exceptions/invalid_selector_exception.html
Build info: version: &amp;apos;3.141.59&amp;apos;, revision: &amp;apos;e82be7d358&amp;apos;, time: &amp;apos;2018-11-14T08:17:03&amp;apos;
System info: host: &amp;apos;DESKTOP-0CPI2F2&amp;apos;, ip: &amp;apos;10.6.18.62&amp;apos;, os.name: &amp;apos;Windows 10&amp;apos;, os.arch: &amp;apos;amd64&amp;apos;, os.version: &amp;apos;10.0&amp;apos;, java.version: &amp;apos;17.0.2&amp;apos;
Driver info: io.appium.java_client.android.AndroidDriver
Capabilities {app: D:\QA_projects\AppiumLearni..., appPackage: io.appium.android.apis, automationName: uiautomator2, chromeOptions: {w3c: false}, databaseEnabled: false, desired: {app: D:\QA_projects\AppiumLearni..., automationName: uiautomator2, chromeOptions: {w3c: false}, deviceName: emulator-5554, goog:chromeOptions: {w3c: false}, newCommandTimeout: 14, platformName: android}, deviceApiLevel: 30, deviceManufacturer: Google, deviceModel: sdk_gphone_x86, deviceName: emulator-5554, deviceScreenDensity: 560, deviceScreenSize: 1440x2880, deviceUDID: emulator-5554, goog:chromeOptions: {w3c: false}, javascriptEnabled: true, locationContextEnabled: false, networkConnectionEnabled: true, newCommandTimeout: 14, pixelRatio: 3.5, platform: LINUX, platformName: Android, platformVersion: 11, statBarHeight: 84, takesScreenshot: true, viewportRect: {height: 2628, left: 0, top: 84, width: 1440}, warnings: {}, webStorageEnabled: false}
Session ID: dfc64983-b67f-4f39-b85d-a58573066026
*** Element info: {Using=-android uiautomator, value=new UiScrollable(new UiSelector()).scrollIntoView(text(&amp;apos;WebView&amp;apos;));}">
      <![CDATA[org.openqa.selenium.InvalidSelectorException: Could not parse selector expression `new UiScrollable(new UiSelector()).scrollIntoView(text('WebView'))`: `UiScrollable` doesn't have suitable method `scrollIntoView` with arguments [text('WebView')]: Could not parse selector expression `new UiSelector().text('WebView')`: `UiSelector` doesn't have suitable method `text` with arguments ['WebView']: Could not parse selector expression `new UiSelector().text('WebView')`: 'WebView' is not a string
For documentation on this error, please visit: https://www.seleniumhq.org/exceptions/invalid_selector_exception.html
Build info: version: '3.141.59', revision: 'e82be7d358', time: '2018-11-14T08:17:03'
System info: host: 'DESKTOP-0CPI2F2', ip: '10.6.18.62', os.name: 'Windows 10', os.arch: 'amd64', os.version: '10.0', java.version: '17.0.2'
Driver info: io.appium.java_client.android.AndroidDriver
Capabilities {app: D:\QA_projects\AppiumLearni..., appPackage: io.appium.android.apis, automationName: uiautomator2, chromeOptions: {w3c: false}, databaseEnabled: false, desired: {app: D:\QA_projects\AppiumLearni..., automationName: uiautomator2, chromeOptions: {w3c: false}, deviceName: emulator-5554, goog:chromeOptions: {w3c: false}, newCommandTimeout: 14, platformName: android}, deviceApiLevel: 30, deviceManufacturer: Google, deviceModel: sdk_gphone_x86, deviceName: emulator-5554, deviceScreenDensity: 560, deviceScreenSize: 1440x2880, deviceUDID: emulator-5554, goog:chromeOptions: {w3c: false}, javascriptEnabled: true, locationContextEnabled: false, networkConnectionEnabled: true, newCommandTimeout: 14, pixelRatio: 3.5, platform: LINUX, platformName: Android, platformVersion: 11, statBarHeight: 84, takesScreenshot: true, viewportRect: {height: 2628, left: 0, top: 84, width: 1440}, warnings: {}, webStorageEnabled: false}
Session ID: dfc64983-b67f-4f39-b85d-a58573066026
*** Element info: {Using=-android uiautomator, value=new UiScrollable(new UiSelector()).scrollIntoView(text('WebView'));}
at org.openqa.selenium.remote.http.W3CHttpResponseCodec.createException(W3CHttpResponseCodec.java:187)
at org.openqa.selenium.remote.http.W3CHttpResponseCodec.decode(W3CHttpResponseCodec.java:122)
at org.openqa.selenium.remote.http.W3CHttpResponseCodec.decode(W3CHttpResponseCodec.java:49)
at org.openqa.selenium.remote.HttpCommandExecutor.execute(HttpCommandExecutor.java:158)
at io.appium.java_client.remote.AppiumCommandExecutor.execute(AppiumCommandExecutor.java:250)
at org.openqa.selenium.remote.RemoteWebDriver.execute(RemoteWebDriver.java:552)
at io.appium.java_client.DefaultGenericMobileDriver.execute(DefaultGenericMobileDriver.java:41)
at io.appium.java_client.AppiumDriver.execute(AppiumDriver.java:1)
at io.appium.java_client.android.AndroidDriver.execute(AndroidDriver.java:1)
at org.openqa.selenium.remote.RemoteWebDriver.findElements(RemoteWebDriver.java:353)
at io.appium.java_client.DefaultGenericMobileDriver.findElements(DefaultGenericMobileDriver.java:53)
at io.appium.java_client.AppiumDriver.findElements(AppiumDriver.java:179)
at io.appium.java_client.FindsByAndroidUIAutomator.findElementsByAndroidUIAutomator(FindsByAndroidUIAutomator.java:51)
at apiDemoApp.ApiDemo_tc_5.landingPageScrollValidation(ApiDemo_tc_5.java:27)
at java.base/java.util.ArrayList.forEach(ArrayList.java:1511)
... Removed 32 stack frames]]>
    </failure>
  </testcase> <!-- landingPageScrollValidation -->
  <testcase classname="apiDemoApp.ApiDemo_tc_6" name="dateWidgetsPageSwipingValidation" time="29.509"/>
</testsuite> <!-- ApiDemo app test -->
